  GameStateGUI.cpp
  main.cpp
  State.cpp
  Generating Code...
sfml-graphics-d.lib(sfml-graphics-d-2.dll) : fatal error LNK1112: module machine type 'x64' conflicts with target machine type 'x86'

Project Performance Summary:
     3658 ms  C:\Users\joxfo\source\repos\BasicGameEngine\BasicGameEngine\BasicGameEngine.vcxproj   1 calls
               3658 ms  Build                                      1 calls

Target Performance Summary:
        0 ms  _BuildGenerateSourcesAction                1 calls
        0 ms  AfterMidl                                  1 calls
        0 ms  _Midl                                      1 calls
        0 ms  PrepareResourceNames                       1 calls
        0 ms  AfterBuildGenerateSourcesEvent             1 calls
        0 ms  BuildGenerateSources                       1 calls
        0 ms  BuildCompileTraverse                       1 calls
        0 ms  BeforeClCompile                            1 calls
        0 ms  ComputeCLInputPDBName                      1 calls
        0 ms  ComputeReferenceCLInput                    1 calls
        0 ms  SelectClCompile                            1 calls
        0 ms  AfterClCompile                             1 calls
        0 ms  _ClCompile                                 1 calls
        0 ms  BeforeResourceCompile                      1 calls
        0 ms  MakeDirsForResourceCompile                 1 calls
        0 ms  AfterResourceCompile                       1 calls
        0 ms  _ResourceCompile                           1 calls
        0 ms  AfterBuildCompileEvent                     1 calls
        0 ms  _BuildCompileAction                        1 calls
        0 ms  BuildCompile                               1 calls
        0 ms  BuildLinkTraverse                          1 calls
        0 ms  BeforeLink                                 1 calls
        0 ms  ComputeRCOutputs                           1 calls
        0 ms  ComputeRCGeneratedLinkInputs               1 calls
        0 ms  ComputeManifestGeneratedLinkerInputs       1 calls
        0 ms  ComputeCLOutputs                           1 calls
        0 ms  ComputeLinkInputsFromProject               1 calls
        0 ms  ComputeManifestInputsTargets               1 calls
        0 ms  AssignTargetPaths                          1 calls
        0 ms  CreateCustomManifestResourceNames          1 calls
        0 ms  ComputeMIDLGeneratedCompileInputs          1 calls
        0 ms  MakeDirsForMidl                            1 calls
        0 ms  AfterBuildGenerateSources                  1 calls
        0 ms  MakeDirsForLink                            1 calls
        0 ms  _CheckWindowsSDKInstalled                  1 calls
        0 ms  SetCABuildNativeEnvironmentVariables       1 calls
        0 ms  _Xsd                                       1 calls
        0 ms  ResolveSDKReferences                       1 calls
        0 ms  ExpandSDKReferences                        1 calls
        0 ms  ResolveAssemblyReferences                  1 calls
        0 ms  GetReferenceAssemblyPaths                  1 calls
        0 ms  AfterResolveReferences                     1 calls
        0 ms  GetFrameworkPaths                          1 calls
        0 ms  PreLinkEvent                               1 calls
        0 ms  PrepareProjectReferences                   1 calls
        0 ms  ResolveReferences                          1 calls
        0 ms  _SplitProjectReferencesByFileExistence     1 calls
        0 ms  BuildGenerateSourcesTraverse               1 calls
        0 ms  BeforeBuildGenerateSources                 1 calls
        0 ms  PreBuildEvent                              1 calls
        0 ms  BeforeResolveReferences                    1 calls
        0 ms  _SelectedFiles                             1 calls
        0 ms  SelectCustomBuild                          1 calls
        0 ms  ComputeCustomBuildOutput                   1 calls
        0 ms  _PrepareForBuild                           1 calls
        0 ms  GetResolvedWinMD                           1 calls
        0 ms  SetBuildDefaultEnvironmentVariables        1 calls
        1 ms  CopyFileToFolders                          1 calls
        1 ms  _GetProjectReferenceTargetFrameworkProperties   1 calls
        1 ms  ComputeLegacyManifestEmbedding             1 calls
        1 ms  FixupCLCompileOptions                      1 calls
        1 ms  ComputeCLGeneratedLinkInputs               1 calls
        1 ms  _PrepareForReferenceResolution             1 calls
        1 ms  DoLinkOutputFilesMatch                     1 calls
        1 ms  SplitResourcesByCulture                    1 calls
        1 ms  AssignProjectConfiguration                 1 calls
        2 ms  ComputeLinkSwitches                        1 calls
        3 ms  InitializeBuildStatus                      1 calls
        4 ms  WarnCompileDuplicatedFilename              1 calls
        4 ms  CustomBuild                                1 calls
        4 ms  MakeDirsForCl                              1 calls
        5 ms  SetTelemetryEnvironmentVariables           1 calls
        8 ms  PrepareForBuild                            1 calls
        9 ms  _CheckForInvalidConfigurationAndPlatform   1 calls
       14 ms  ResolveProjectReferences                   1 calls
      120 ms  Link                                       1 calls
     3469 ms  ClCompile                                  1 calls

Task Performance Summary:
        0 ms  CheckVCToolsetVersion                      1 calls
        0 ms  ReadLinesFromFile                          1 calls
        0 ms  WriteLinesToFile                           1 calls
        0 ms  AssignTargetPath                           4 calls
        1 ms  MSBuild                                    1 calls
        1 ms  AssignCulture                              1 calls
        1 ms  MakeDir                                    7 calls
        1 ms  AssignProjectConfiguration                 1 calls
        2 ms  SetEnv                                     8 calls
        2 ms  Message                                    2 calls
        2 ms  Touch                                      1 calls
        4 ms  GetOutOfDateItems                          3 calls
      119 ms  Link                                       1 calls
     3468 ms  CL                                         1 calls
