C:\Program Files (x86)\Microsoft Visual Studio\2019\Community\MSBuild\Microsoft\VC\v160\Microsoft.CppBuild.targets(459,5): warning MSB8028: The intermediate directory (Debug\) contains files shared from another project (BasicGameEngine.vcxproj).  This can lead to incorrect clean and rebuild behavior.
  stdafx.cpp
  AnimationComponent.cpp
  gui.cpp
C:\Users\joxfo\source\repos\Oxford Game Engine -- SFML 2.0\Oxford Game Engine -- SFML 2.0\gui.cpp(166,3): warning C4267: 'argument': conversion from 'size_t' to 'unsigned short', possible loss of data
  DebugWindow.cpp
  Engine.cpp
  Entity.cpp
  GameState.cpp
C:\Users\joxfo\source\repos\Oxford Game Engine -- SFML 2.0\Oxford Game Engine -- SFML 2.0\GameState.cpp(9,17): warning C4244: 'argument': conversion from 'time_t' to 'unsigned int', possible loss of data
C:\Users\joxfo\source\repos\Oxford Game Engine -- SFML 2.0\Oxford Game Engine -- SFML 2.0\GameState.cpp(137,29): warning C4244: '=': conversion from 'float' to 'unsigned int', possible loss of data
  GameStateGUI.cpp
  HitboxComponent.cpp
  main.cpp
  MainMenuState.cpp
  Map.cpp
C:\Users\joxfo\source\repos\Oxford Game Engine -- SFML 2.0\Oxford Game Engine -- SFML 2.0\Map.cpp(22,20): warning C4244: 'argument': conversion from 'time_t' to 'unsigned int', possible loss of data
  MovementComponent.cpp
C:\Users\joxfo\source\repos\Oxford Game Engine -- SFML 2.0\Oxford Game Engine -- SFML 2.0\MovementComponent.cpp(99,10): warning C4244: '=': conversion from 'const float' to 'int', possible loss of data
C:\Users\joxfo\source\repos\Oxford Game Engine -- SFML 2.0\Oxford Game Engine -- SFML 2.0\MovementComponent.cpp(109,28): warning C4244: '=': conversion from 'double' to 'float', possible loss of data
  PauseMenu.cpp
  SettingsState.cpp
  GraphicsSettings.cpp
  State.cpp
  Tile.cpp
C:\Users\joxfo\source\repos\Oxford Game Engine -- SFML 2.0\Oxford Game Engine -- SFML 2.0\Tile.cpp(11,45): warning C4244: 'argument': conversion from 'float' to 'sf::Uint8', possible loss of data
  TileMap.cpp
C:\Users\joxfo\source\repos\Oxford Game Engine -- SFML 2.0\Oxford Game Engine -- SFML 2.0\TileMap.cpp(18,12): warning C4244: 'argument': conversion from 'time_t' to 'unsigned int', possible loss of data
  VisionComponent.cpp
  Generating Code...
C:\Users\joxfo\source\repos\Oxford Game Engine -- SFML 2.0\Oxford Game Engine -- SFML 2.0\Entity.cpp(74): warning C4172: returning address of local variable or temporary
sfml-graphics-d.lib(sfml-graphics-d-2.dll) : fatal error LNK1112: module machine type 'x64' conflicts with target machine type 'x86'

Project Performance Summary:
     4377 ms  C:\Users\joxfo\source\repos\Oxford Game Engine -- SFML 2.0\Oxford Game Engine -- SFML 2.0\Oxford Game Engine -- SFML 2.0.vcxproj   1 calls
               4377 ms  Build                                      1 calls

Target Performance Summary:
        0 ms  _BuildGenerateSourcesAction                1 calls
        0 ms  MakeDirsForResourceCompile                 1 calls
        0 ms  BeforeResourceCompile                      1 calls
        0 ms  _ClCompile                                 1 calls
        0 ms  AfterClCompile                             1 calls
        0 ms  PreLinkEvent                               1 calls
        0 ms  SelectClCompile                            1 calls
        0 ms  AfterResourceCompile                       1 calls
        0 ms  FixupCLCompileOptions                      1 calls
        0 ms  ComputeReferenceCLInput                    1 calls
        0 ms  ComputeCLInputPDBName                      1 calls
        0 ms  BeforeClCompile                            1 calls
        0 ms  BuildCompileTraverse                       1 calls
        0 ms  BuildGenerateSources                       1 calls
        0 ms  ComputeLinkSwitches                        1 calls
        0 ms  WarnCompileDuplicatedFilename              1 calls
        0 ms  _ResourceCompile                           1 calls
        0 ms  AfterBuildCompileEvent                     1 calls
        0 ms  _BuildCompileAction                        1 calls
        0 ms  PrepareResourceNames                       1 calls
        0 ms  CreateCustomManifestResourceNames          1 calls
        0 ms  SplitResourcesByCulture                    1 calls
        0 ms  AssignTargetPaths                          1 calls
        0 ms  ComputeManifestInputsTargets               1 calls
        0 ms  ComputeLinkInputsFromProject               1 calls
        0 ms  ComputeCLGeneratedLinkInputs               1 calls
        0 ms  ComputeCLOutputs                           1 calls
        0 ms  ComputeManifestGeneratedLinkerInputs       1 calls
        0 ms  ComputeRCGeneratedLinkInputs               1 calls
        0 ms  ComputeRCOutputs                           1 calls
        0 ms  BeforeLink                                 1 calls
        0 ms  ComputeLegacyManifestEmbedding             1 calls
        0 ms  BuildLinkTraverse                          1 calls
        0 ms  BuildCompile                               1 calls
        0 ms  AfterBuildGenerateSourcesEvent             1 calls
        0 ms  MakeDirsForLink                            1 calls
        0 ms  AfterBuildGenerateSources                  1 calls
        0 ms  AfterMidl                                  1 calls
        0 ms  SetCABuildNativeEnvironmentVariables       1 calls
        0 ms  _CheckWindowsSDKInstalled                  1 calls
        0 ms  GetResolvedWinMD                           1 calls
        0 ms  SetBuildDefaultEnvironmentVariables        1 calls
        0 ms  GetReferenceAssemblyPaths                  1 calls
        0 ms  GetFrameworkPaths                          1 calls
        0 ms  _Midl                                      1 calls
        0 ms  PrepareProjectReferences                   1 calls
        0 ms  _SplitProjectReferencesByFileExistence     1 calls
        0 ms  AssignProjectConfiguration                 1 calls
        0 ms  BeforeResolveReferences                    1 calls
        0 ms  _PrepareForReferenceResolution             1 calls
        0 ms  _PrepareForBuild                           1 calls
        0 ms  SetTelemetryEnvironmentVariables           1 calls
        0 ms  _GetProjectReferenceTargetFrameworkProperties   1 calls
        0 ms  ExpandSDKReferences                        1 calls
        0 ms  ResolveSDKReferences                       1 calls
        0 ms  AfterResolveReferences                     1 calls
        0 ms  ComputeMIDLGeneratedCompileInputs          1 calls
        0 ms  MakeDirsForMidl                            1 calls
        0 ms  _Xsd                                       1 calls
        0 ms  CopyFileToFolders                          1 calls
        0 ms  ComputeCustomBuildOutput                   1 calls
        0 ms  SelectCustomBuild                          1 calls
        0 ms  ResolveAssemblyReferences                  1 calls
        0 ms  _SelectedFiles                             1 calls
        0 ms  PreBuildEvent                              1 calls
        0 ms  BeforeBuildGenerateSources                 1 calls
        0 ms  BuildGenerateSourcesTraverse               1 calls
        0 ms  InitializeBuildStatus                      1 calls
        0 ms  ResolveReferences                          1 calls
        0 ms  DoLinkOutputFilesMatch                     1 calls
       16 ms  CustomBuild                                1 calls
       16 ms  MakeDirsForCl                              1 calls
       16 ms  PrepareForBuild                            1 calls
       16 ms  ResolveProjectReferences                   1 calls
       18 ms  _CheckForInvalidConfigurationAndPlatform   1 calls
      266 ms  Link                                       1 calls
     4031 ms  ClCompile                                  1 calls

Task Performance Summary:
        0 ms  Message                                    2 calls
        0 ms  SetEnv                                     8 calls
        0 ms  AssignProjectConfiguration                 1 calls
        0 ms  MSBuild                                    1 calls
        0 ms  MakeDir                                    7 calls
        0 ms  CheckVCToolsetVersion                      1 calls
        0 ms  VCMessage                                  1 calls
        0 ms  ReadLinesFromFile                          1 calls
        0 ms  WriteLinesToFile                           1 calls
        0 ms  Touch                                      1 calls
        0 ms  AssignTargetPath                           4 calls
        0 ms  AssignCulture                              1 calls
       16 ms  GetOutOfDateItems                          3 calls
      266 ms  Link                                       1 calls
     4031 ms  CL                                         2 calls
